BUILD: Computing Include file dependencies:
BUILD: Examining w:\nt\private\utils directory tree for files to compile.
BUILD: w:\nt\private\utils\ntlib\src\pch.cxx: w:\nt\private\utils\ulib\inc\machine.hxx: cannot find include file "machine.h"
Building generated files in w:\nt\private\utils\ntlib\src ********************
'nmake.exe /c BUILDMSG=Stop. -i NTTEST= UMTEST= NOLINK=1 PASS0ONLY=1 386=1'
Building generated files in w:\nt\private\utils\ulib\src ********************
'nmake.exe /c BUILDMSG=Stop. -i NTTEST= UMTEST= NOLINK=1 PASS0ONLY=1 386=1'
Building generated files in w:\nt\private\utils\ureg\src ********************
'nmake.exe /c BUILDMSG=Stop. -i NTTEST= UMTEST= NOLINK=1 PASS0ONLY=1 386=1'
Building generated files in w:\nt\private\utils\mep\extens\exthdr ********************
'nmake.exe /c BUILDMSG=Stop. -i NTTEST= UMTEST= NOLINK=1 PASS0ONLY=1 386=1'
Building generated files in w:\nt\private\utils\pentbug ********************
'nmake.exe /c BUILDMSG=Stop. -i NTTEST= UMTEST= NOLINK=1 PASS0ONLY=1 386=1'

Stop. 

Stop. 

Stop. 
Building generated files in w:\nt\private\utils\restore\src ********************
'nmake.exe /c BUILDMSG=Stop. -i NTTEST= UMTEST= NOLINK=1 PASS0ONLY=1 386=1'
Building generated files in w:\nt\private\utils\ntbackup\src ********************
'nmake.exe /c BUILDMSG=Stop. -i NTTEST= UMTEST= NOLINK=1 PASS0ONLY=1 386=1'

Stop. 

Stop. 

Stop. 

Stop. 
BUILD: Examining w:\nt\private\utils directory tree for files to compile. (2nd Pass)
BUILD: w:\nt\private\utils\ulib\src\machine.cxx: cannot find include file "..\..\..\machine\machinep.h"
BUILD: w:\nt\private\utils\mep\help\enginlib\hctl.c: cannot find include file <os2.h>
BUILD: w:\nt\private\utils\mep\help\enginlib\helpdec.c: cannot find include file <os2.h>
BUILD: w:\nt\private\utils\mep\help\enginlib\helpdll.c: cannot find include file <os2.h>
BUILD: w:\nt\private\utils\mep\help\enginlib\hline.c: cannot find include file <os2.h>
BUILD: w:\nt\private\utils\mep\help\enginlib\hloc.c: cannot find include file <os2.h>
BUILD: w:\nt\private\utils\mep\help\enginlib\help.c: cannot find include file <os2.h>
BUILD: w:\nt\private\utils\autoconv\autoconv.cxx: cannot find include file "initexcp.hxx"
BUILD: w:\nt\private\utils\regedit\src\regedit.rc: w:\nt\private\sdktools\wintools\clb\clb.h: cannot find include file "wintools.h"
BUILD: w:\nt\private\utils\wizards\addgrpw\stdafx.h: w:\nt\public\sdk\inc\olectl.h: cannot find include file <macocidl.h>
BUILD: w:\nt\private\utils\ntbackup\src\att_drv.c: w:\nt\private\utils\ntbackup\inc\all.h: cannot find include file <bios.h>
BUILD: w:\nt\private\utils\ntbackup\src\att_drv.c: w:\nt\private\utils\ntbackup\inc\proddefs.h: cannot find include file "version.h"
BUILD: w:\nt\private\utils\ntbackup\src\att_drv.c: w:\nt\private\utils\ntbackup\inc\dialogs.h: cannot find include file "email.h"
BUILD: w:\nt\private\utils\ntbackup\src\att_drv.c: w:\nt\private\utils\ntbackup\inc\dialogs.h: cannot find include file "emllogon.h"
BUILD: w:\nt\private\utils\ntbackup\src\att_drv.c: w:\nt\private\utils\ntbackup\inc\dialogs.h: cannot find include file "abortdlg.h"
BUILD: w:\nt\private\utils\ntbackup\src\att_drv.c: w:\nt\private\utils\ntbackup\inc\dialogs.h: cannot find include file "ddd_dlg.h"
BUILD: w:\nt\private\utils\ntbackup\src\att_drv.c: w:\nt\private\utils\ntbackup\inc\resmang.h: cannot find include file "strings.h"
BUILD: w:\nt\private\utils\ntbackup\src\att_drv.c: w:\nt\private\utils\ntbackup\inc\res_io.h: cannot find include file "mbs_res.h"
BUILD: w:\nt\private\utils\ntbackup\src\buffman.c: cannot find include file "buffnlm.h"
BUILD: w:\nt\private\utils\ntbackup\src\buffman.c: cannot find include file "buffwin.h"
BUILD: w:\nt\private\utils\ntbackup\src\buffman.c: cannot find include file "buffdos.h"
BUILD: w:\nt\private\utils\ntbackup\src\buffman.c: cannot find include file "buffos2.h"
BUILD: w:\nt\private\utils\ntbackup\src\detfmt.c: cannot find include file "mayn30.h"
BUILD: w:\nt\private\utils\ntbackup\src\detfmt.c: cannot find include file "mayn25.h"
BUILD: w:\nt\private\utils\ntbackup\src\detfmt.c: cannot find include file "fq.h"
BUILD: w:\nt\private\utils\ntbackup\src\detfmt.c: cannot find include file "fsytos.h"
BUILD: w:\nt\private\utils\ntbackup\src\detfmt.c: cannot find include file "utf.h"
BUILD: w:\nt\private\utils\ntbackup\src\detfmt.c: w:\nt\private\utils\ntbackup\inc\transprt.h: cannot find include file "f30proto.h"
BUILD: w:\nt\private\utils\ntbackup\src\detfmt.c: w:\nt\private\utils\ntbackup\inc\transprt.h: cannot find include file "f25proto.h"
BUILD: w:\nt\private\utils\ntbackup\src\detfmt.c: w:\nt\private\utils\ntbackup\inc\transprt.h: cannot find include file "fqproto.h"
BUILD: w:\nt\private\utils\ntbackup\src\detfmt.c: w:\nt\private\utils\ntbackup\inc\transprt.h: cannot find include file "fsyproto.h"
BUILD: w:\nt\private\utils\ntbackup\src\detfmt.c: w:\nt\private\utils\ntbackup\inc\transprt.h: cannot find include file "utfproto.h"
BUILD: w:\nt\private\utils\ntbackup\src\encrypt.c: cannot find include file "cr.h"
BUILD: w:\nt\private\utils\ntbackup\src\gui.c: cannot find include file "mapinit.h"
BUILD: w:\nt\private\utils\ntbackup\src\initfsys.c: cannot find include file <os2.h>
BUILD: w:\nt\private\utils\ntbackup\src\ntfsutil.c: cannot find include file "mnet.h"
BUILD: w:\nt\private\utils\ntbackup\src\parspath.c: cannot find include file <os2.h>
BUILD: w:\nt\private\utils\ntbackup\src\tfbuffs.c: cannot find include file "buffnlm.h"
BUILD: w:\nt\private\utils\ntbackup\src\tfbuffs.c: cannot find include file "buffwin.h"
BUILD: w:\nt\private\utils\ntbackup\src\tfbuffs.c: cannot find include file "buffdos.h"
BUILD: w:\nt\private\utils\ntbackup\src\tfbuffs.c: cannot find include file "buffos2.h"
BUILD: w:\nt\private\utils\ntbackup\src\transutl.c: cannot find include file <nwmisc.h>
BUILD: w:\nt\private\utils\ntbackup\src\vlm_util.c: cannot find include file "mapinit.h"
BUILD: w:\nt\private\utils\ntbackup\src\vlm_util.c: cannot find include file "winnet.h"
BUILD: w:\nt\private\utils\ntbackup\src\xinitfs.c: cannot find include file "sadapi.h"
BUILD: w:\nt\private\utils\ntbackup\src\xinitfs.c: cannot find include file "jet.h"
BUILD: w:\nt\private\utils\ntbackup\src\xinitfs.c: cannot find include file "jetbcli.h"
BUILD: w:\nt\private\utils\ntbackup\src\xinitfs.c: cannot find include file "edbmsg.h"
BUILD: w:\nt\private\utils\ntbackup\src\xattach.c: cannot find include file "jet.h"
BUILD: w:\nt\private\utils\ntbackup\src\xattach.c: cannot find include file "jetbcli.h"
BUILD: w:\nt\private\utils\ntbackup\src\xattach.c: cannot find include file "edbmsg.h"
BUILD: w:\nt\private\utils\ntbackup\src\xopen.c: cannot find include file "jet.h"
BUILD: w:\nt\private\utils\ntbackup\src\xopen.c: cannot find include file "jetbcli.h"
BUILD: w:\nt\private\utils\ntbackup\src\xopen.c: cannot find include file "edbmsg.h"
BUILD: w:\nt\private\utils\ntbackup\src\xcreate.c: cannot find include file "jet.h"
BUILD: w:\nt\private\utils\ntbackup\src\xcreate.c: cannot find include file "jetbcli.h"
BUILD: w:\nt\private\utils\ntbackup\src\xcreate.c: cannot find include file "edbmsg.h"
BUILD: w:\nt\private\utils\ntbackup\src\xclose.c: cannot find include file "jet.h"
BUILD: w:\nt\private\utils\ntbackup\src\xclose.c: cannot find include file "jetbcli.h"
BUILD: w:\nt\private\utils\ntbackup\src\xclose.c: cannot find include file "edbmsg.h"
BUILD: w:\nt\private\utils\ntbackup\src\xwritobj.c: cannot find include file "jetbcli.h"
Linking w:\nt\private\utils\ulib\src directory ********************
'nmake.exe /c BUILDMSG=Stop. -i LINKONLY=1 NOPASS0=1 NTTEST= UMTEST= MAKEDLL=1 386=1'
Linking w:\nt\private\utils\ureg\src directory ********************
'nmake.exe /c BUILDMSG=Stop. -i LINKONLY=1 NOPASS0=1 NTTEST= UMTEST= MAKEDLL=1 386=1'
Linking w:\nt\private\utils\mep\help\enginlib directory ********************
'nmake.exe /c BUILDMSG=Stop. -i LINKONLY=1 NOPASS0=1 NTTEST= UMTEST= MAKEDLL=1 386=1'
Linking w:\nt\private\utils\mep\extens\mhelp directory ********************
'nmake.exe /c BUILDMSG=Stop. -i LINKONLY=1 NOPASS0=1 NTTEST= UMTEST= MAKEDLL=1 386=1'
Linking w:\nt\private\utils\mep\extens\filter directory ********************
'nmake.exe /c BUILDMSG=Stop. -i LINKONLY=1 NOPASS0=1 NTTEST= UMTEST= MAKEDLL=1 386=1'

Stop. 
Linking w:\nt\private\utils\mep\extens\justify directory ********************
'nmake.exe /c BUILDMSG=Stop. -i LINKONLY=1 NOPASS0=1 NTTEST= UMTEST= MAKEDLL=1 386=1'

Stop. 
Linking w:\nt\private\utils\mep\extens\mepparty directory ********************
'nmake.exe /c BUILDMSG=Stop. -i LINKONLY=1 NOPASS0=1 NTTEST= UMTEST= MAKEDLL=1 386=1'

Stop. 
Linking w:\nt\private\utils\mep\extens\pmatch directory ********************
'nmake.exe /c BUILDMSG=Stop. -i LINKONLY=1 NOPASS0=1 NTTEST= UMTEST= MAKEDLL=1 386=1'

Stop. 
Linking w:\nt\private\utils\mep\extens\tglcase directory ********************
'nmake.exe /c BUILDMSG=Stop. -i LINKONLY=1 NOPASS0=1 NTTEST= UMTEST= MAKEDLL=1 386=1'

Stop. 
Linking w:\nt\private\utils\mep\extens\ulcase directory ********************
'nmake.exe /c BUILDMSG=Stop. -i LINKONLY=1 NOPASS0=1 NTTEST= UMTEST= MAKEDLL=1 386=1'

Stop. 
Linking w:\nt\private\utils\mep\extens\winclip directory ********************
'nmake.exe /c BUILDMSG=Stop. -i LINKONLY=1 NOPASS0=1 NTTEST= UMTEST= MAKEDLL=1 386=1'

Stop. 
Linking w:\nt\private\utils\mep\src directory ********************
'nmake.exe /c BUILDMSG=Stop. -i LINKONLY=1 NOPASS0=1 NTTEST= UMTEST= 386=1'

Stop. 
Linking w:\nt\private\utils\ifsutil\src directory ********************
'nmake.exe /c BUILDMSG=Stop. -i LINKONLY=1 NOPASS0=1 NTTEST= UMTEST= MAKEDLL=1 386=1'

Stop. 
Linking w:\nt\private\utils\fmifs\src directory ********************
'nmake.exe /c BUILDMSG=Stop. -i LINKONLY=1 NOPASS0=1 NTTEST= UMTEST= MAKEDLL=1 386=1'

Stop. 
Linking w:\nt\private\utils\ufat\src directory ********************
'nmake.exe /c BUILDMSG=Stop. -i LINKONLY=1 NOPASS0=1 NTTEST= UMTEST= MAKEDLL=1 386=1'

Stop. 
Linking w:\nt\private\utils\untfs\src directory ********************
'nmake.exe /c BUILDMSG=Stop. -i LINKONLY=1 NOPASS0=1 NTTEST= UMTEST= MAKEDLL=1 386=1'

Stop. 
Linking w:\nt\private\utils\cufat\src directory ********************
'nmake.exe /c BUILDMSG=Stop. -i LINKONLY=1 NOPASS0=1 NTTEST= UMTEST= MAKEDLL=1 386=1'

Stop. 
Linking w:\nt\private\utils\attrib directory ********************
'nmake.exe /c BUILDMSG=Stop. -i LINKONLY=1 NOPASS0=1 NTTEST= UMTEST= 386=1'

Stop. 
Linking w:\nt\private\utils\autochk\daytona directory ********************
'nmake.exe /c BUILDMSG=Stop. -i LINKONLY=1 NOPASS0=1 NTTEST= UMTEST= 386=1'

Stop. 
Linking w:\nt\private\utils\autoconv\daytona directory ********************
'nmake.exe /c BUILDMSG=Stop. -i LINKONLY=1 NOPASS0=1 NTTEST= UMTEST= 386=1'

Stop. 
Linking w:\nt\private\utils\autofmt directory ********************
'nmake.exe /c BUILDMSG=Stop. -i LINKONLY=1 NOPASS0=1 NTTEST= UMTEST= 386=1'

Stop. 
Linking w:\nt\private\utils\chcp directory ********************
'nmake.exe /c BUILDMSG=Stop. -i LINKONLY=1 NOPASS0=1 NTTEST= UMTEST= 386=1'

Stop. 
Linking w:\nt\private\utils\chkdsk directory ********************
'nmake.exe /c BUILDMSG=Stop. -i LINKONLY=1 NOPASS0=1 NTTEST= UMTEST= 386=1'

Stop. 
Linking w:\nt\private\utils\chkntfs directory ********************
'nmake.exe /c BUILDMSG=Stop. -i LINKONLY=1 NOPASS0=1 NTTEST= UMTEST= 386=1'

Stop. 
Linking w:\nt\private\utils\comp directory ********************
'nmake.exe /c BUILDMSG=Stop. -i LINKONLY=1 NOPASS0=1 NTTEST= UMTEST= 386=1'

Stop. 
Linking w:\nt\private\utils\convert directory ********************
'nmake.exe /c BUILDMSG=Stop. -i LINKONLY=1 NOPASS0=1 NTTEST= UMTEST= 386=1'

Stop. 
Linking w:\nt\private\utils\diskcomp directory ********************
'nmake.exe /c BUILDMSG=Stop. -i LINKONLY=1 NOPASS0=1 NTTEST= UMTEST= 386=1'

Stop. 
Linking w:\nt\private\utils\diskcopy directory ********************
'nmake.exe /c BUILDMSG=Stop. -i LINKONLY=1 NOPASS0=1 NTTEST= UMTEST= 386=1'

Stop. 

Stop. 
Linking w:\nt\private\utils\doskey directory ********************
'nmake.exe /c BUILDMSG=Stop. -i LINKONLY=1 NOPASS0=1 NTTEST= UMTEST= 386=1'
Linking w:\nt\private\utils\fc directory ********************
'nmake.exe /c BUILDMSG=Stop. -i LINKONLY=1 NOPASS0=1 NTTEST= UMTEST= 386=1'

Stop. 
Linking w:\nt\private\utils\find directory ********************
'nmake.exe /c BUILDMSG=Stop. -i LINKONLY=1 NOPASS0=1 NTTEST= UMTEST= 386=1'

Stop. 
Linking w:\nt\private\utils\findstr directory ********************
'nmake.exe /c BUILDMSG=Stop. -i LINKONLY=1 NOPASS0=1 NTTEST= UMTEST= 386=1'

Stop. 

Stop. 
Linking w:\nt\private\utils\keyb directory ********************
'nmake.exe /c BUILDMSG=Stop. -i LINKONLY=1 NOPASS0=1 NTTEST= UMTEST= 386=1'
Linking w:\nt\private\utils\help directory ********************
'nmake.exe /c BUILDMSG=Stop. -i LINKONLY=1 NOPASS0=1 NTTEST= UMTEST= 386=1'

Stop. 
Linking w:\nt\private\utils\label directory ********************
'nmake.exe /c BUILDMSG=Stop. -i LINKONLY=1 NOPASS0=1 NTTEST= UMTEST= 386=1'

Stop. 
Linking w:\nt\private\utils\format directory ********************
'nmake.exe /c BUILDMSG=Stop. -i LINKONLY=1 NOPASS0=1 NTTEST= UMTEST= 386=1'

Stop. 
Linking w:\nt\private\utils\mode directory ********************
'nmake.exe /c BUILDMSG=Stop. -i LINKONLY=1 NOPASS0=1 NTTEST= UMTEST= 386=1'

Stop. 
Linking w:\nt\private\utils\more directory ********************
'nmake.exe /c BUILDMSG=Stop. -i LINKONLY=1 NOPASS0=1 NTTEST= UMTEST= 386=1'

Stop. 
Linking w:\nt\private\utils\pentbug directory ********************
'nmake.exe /c BUILDMSG=Stop. -i LINKONLY=1 NOPASS0=1 NTTEST= UMTEST= 386=1'

Stop. 
Linking w:\nt\private\utils\print directory ********************
'nmake.exe /c BUILDMSG=Stop. -i LINKONLY=1 NOPASS0=1 NTTEST= UMTEST= 386=1'

Stop. 
Linking w:\nt\private\utils\rdisk directory ********************
'nmake.exe /c BUILDMSG=Stop. -i LINKONLY=1 NOPASS0=1 NTTEST= UMTEST= 386=1'

Stop. 
Linking w:\nt\private\utils\recover directory ********************
'nmake.exe /c BUILDMSG=Stop. -i LINKONLY=1 NOPASS0=1 NTTEST= UMTEST= 386=1'

Stop. 
Linking w:\nt\private\utils\regedit\src directory ********************
'nmake.exe /c BUILDMSG=Stop. -i LINKONLY=1 NOPASS0=1 NTTEST= UMTEST= 386=1'

Stop. 
Linking w:\nt\private\utils\replace directory ********************
'nmake.exe /c BUILDMSG=Stop. -i LINKONLY=1 NOPASS0=1 NTTEST= UMTEST= 386=1'

Stop. 
Linking w:\nt\private\utils\restore\src directory ********************
'nmake.exe /c BUILDMSG=Stop. -i LINKONLY=1 NOPASS0=1 NTTEST= UMTEST= 386=1'

Stop. 
Linking w:\nt\private\utils\sort directory ********************
'nmake.exe /c BUILDMSG=Stop. -i LINKONLY=1 NOPASS0=1 NTTEST= UMTEST= 386=1'

Stop. 
Linking w:\nt\private\utils\subst directory ********************
'nmake.exe /c BUILDMSG=Stop. -i LINKONLY=1 NOPASS0=1 NTTEST= UMTEST= 386=1'

Stop. 
Linking w:\nt\private\utils\tree directory ********************
'nmake.exe /c BUILDMSG=Stop. -i LINKONLY=1 NOPASS0=1 NTTEST= UMTEST= 386=1'

Stop. 
Linking w:\nt\private\utils\compact directory ********************
'nmake.exe /c BUILDMSG=Stop. -i LINKONLY=1 NOPASS0=1 NTTEST= UMTEST= 386=1'

Stop. 
Linking w:\nt\private\utils\xcopy directory ********************
'nmake.exe /c BUILDMSG=Stop. -i LINKONLY=1 NOPASS0=1 NTTEST= UMTEST= 386=1'

Stop. 
Linking w:\nt\private\utils\windisk\src directory ********************
'nmake.exe /c BUILDMSG=Stop. -i LINKONLY=1 NOPASS0=1 NTTEST= UMTEST= 386=1'

Stop. 
Linking w:\nt\private\utils\wizards\addgrpw directory ********************
'nmake.exe /c BUILDMSG=Stop. -i LINKONLY=1 NOPASS0=1 NTTEST= UMTEST= 386=1'

Stop. 
Linking w:\nt\private\utils\wizards\addusrw directory ********************
'nmake.exe /c BUILDMSG=Stop. -i LINKONLY=1 NOPASS0=1 NTTEST= UMTEST= 386=1'

Stop. 
Linking w:\nt\private\utils\wizards\liccomp directory ********************
'nmake.exe /c BUILDMSG=Stop. -i LINKONLY=1 NOPASS0=1 NTTEST= UMTEST= 386=1'

Stop. 
Linking w:\nt\private\utils\wizards\shrpub directory ********************
'nmake.exe /c BUILDMSG=Stop. -i LINKONLY=1 NOPASS0=1 NTTEST= UMTEST= 386=1'

Stop. 
Linking w:\nt\private\utils\wizards\wizmgr directory ********************
'nmake.exe /c BUILDMSG=Stop. -i LINKONLY=1 NOPASS0=1 NTTEST= UMTEST= 386=1'

Stop. 
Linking w:\nt\private\utils\wizards\hoursctl directory ********************
'nmake.exe /c BUILDMSG=Stop. -i LINKONLY=1 NOPASS0=1 NTTEST= UMTEST= MAKEDLL=1 386=1'

Stop. 
Linking w:\nt\private\utils\ntbackup\src directory ********************
'nmake.exe /c BUILDMSG=Stop. -i LINKONLY=1 NOPASS0=1 NTTEST= UMTEST= 386=1'

Stop. 

Stop. 

Stop. 

Stop. 

Stop. 
