BUILD: Computing Include file dependencies:
BUILD: Examining w:\nt\private\unimodem directory tree for files to compile.
Building generated files in w:\nt\private\unimodem\inf ********************
'nmake.exe /c BUILDMSG=Stop. -i NTTEST= UMTEST= NOLINK=1 PASS0ONLY=1 386=1'

Stop. 
BUILD: Examining w:\nt\private\unimodem directory tree for files to compile. (2nd Pass)
BUILD: w:\nt\private\unimodem\modemui\proj.h: cannot find include file <setupx.h>
BUILD: w:\nt\private\unimodem\modemui\modemui.rc: modemui.rcv: cannot find include file <version.h>
BUILD: w:\nt\private\unimodem\modemui\gen.c: cannot find include file "..\..\..\..\win\core\inc\help.h"
BUILD: w:\nt\private\unimodem\modemui\sett.c: cannot find include file "..\..\..\..\win\core\inc\help.h"
BUILD: w:\nt\private\unimodem\modemui\advsett.c: cannot find include file "..\..\..\..\win\core\inc\help.h"
BUILD: w:\nt\private\unimodem\modemui\ring.c: cannot find include file "..\..\..\..\win\core\inc\help.h"
BUILD: w:\nt\private\unimodem\serialui\proj.h: cannot find include file <setupx.h>
BUILD: w:\nt\private\unimodem\serialui\serialui.rc: serialui.rcv: cannot find include file <version.h>
BUILD: w:\nt\private\unimodem\serialui\port.c: cannot find include file "..\..\..\..\win\core\inc\help.h"
BUILD: w:\nt\private\unimodem\tapisp\unimdm.rc: unimdm.rcv: cannot find include file <version.h>
BUILD: w:\nt\private\unimodem\tapisp\modem.c: cannot find include file <vmm.h>
BUILD: w:\nt\private\unimodem\tapisp\modem.c: cannot find include file <configmg.h>
BUILD: w:\nt\private\unimodem\tapisp\mcxstate.c: cannot find include file "voicview.h"
BUILD: w:\nt\private\unimodem\tapisp\cfgdlg.c: cannot find include file "umdmhelp.h"
BUILD: w:\nt\private\unimodem\cpl\proj.h: cannot find include file <setupx.h>
BUILD: w:\nt\private\unimodem\cpl\modem.rc: modem.rcv: cannot find include file <version.h>
BUILD: w:\nt\private\unimodem\lights\lights.rc: lights.rcv: cannot find include file <version.h>
Linking w:\nt\private\unimodem\modemui directory ********************
'nmake.exe /c BUILDMSG=Stop. -i LINKONLY=1 NOPASS0=1 NTTEST= UMTEST= MAKEDLL=1 386=1'
Linking w:\nt\private\unimodem\serialui directory ********************
'nmake.exe /c BUILDMSG=Stop. -i LINKONLY=1 NOPASS0=1 NTTEST= UMTEST= MAKEDLL=1 386=1'
Linking w:\nt\private\unimodem\tapisp directory ********************
'nmake.exe /c BUILDMSG=Stop. -i LINKONLY=1 NOPASS0=1 NTTEST= UMTEST= MAKEDLL=1 386=1'
Linking w:\nt\private\unimodem\cpl directory ********************
'nmake.exe /c BUILDMSG=Stop. -i LINKONLY=1 NOPASS0=1 NTTEST= UMTEST= MAKEDLL=1 386=1'
Linking w:\nt\private\unimodem\lights directory ********************
'nmake.exe /c BUILDMSG=Stop. -i LINKONLY=1 NOPASS0=1 NTTEST= UMTEST= 386=1'

Stop. 

Stop. 

Stop. 

Stop. 

Stop. 
