
Microsoft (R) Program Maintenance Utility   Version 1.50.4048
Copyright (c) Microsoft Corp 1988-93. All rights reserved.

REM Setting FV_UNICODE_OLE to ""
REM WARNING: depend.mak empty. 
	set PATH=W:\tools\x86\mstools;W:\tools\x86\idw
	echo >con Linking W:\nt\private\oleauto\dwin32\oleaut32.dll...
	if exist W:\nt\private\oleauto\dwin32\oleaut32.dll del W:\nt\private\oleauto\dwin32\oleaut32.dll
	set LIB=W:\nt\public\sdk\lib;W:\nt\public\sdk\lib\i386
	cvtres.exe -r -i386 -o W:\nt\private\oleauto\dwin32\_resfile.rbj W:\nt\private\oleauto\dwin32\oleaut32.res
Microsoft (R) Windows Resource To Object Converter Version 4.00
Copyright (C) Microsoft Corp 1992-1995. All rights reserved.

	link.exe -incremental:NO -pdb:none @W:\nt\private\oleauto\dwin32\oleaut32.lrf
Microsoft (R) 32-Bit Incremental Linker Version 4.20.6164
Copyright (C) Microsoft Corp 1992-1996. All rights reserved.

-machine:i386 -subsystem:windows -dll 
-entry:_DllMainCRTStartup@12 
-debug:mapped,full -debugtype:cv,fixup -opt:ref 
-release 
-map:W:\nt\private\oleauto\dwin32\oleaut32.map -nodefaultlib 
-out:W:\nt\private\oleauto\dwin32\oleaut32.dll 
W:\nt\private\oleauto\dwin32\validat.obj 
W:\nt\private\oleauto\dwin32\assert.obj 
W:\nt\private\oleauto\dwin32\oledisp.obj 
W:\nt\private\oleauto\dwin32\psfactry.obj 
W:\nt\private\oleauto\dwin32\dispmrsh.obj 
W:\nt\private\oleauto\dwin32\dispprox.obj 
W:\nt\private\oleauto\dwin32\dispstub.obj 
W:\nt\private\oleauto\dwin32\evprox.obj 
W:\nt\private\oleauto\dwin32\evstub.obj 
W:\nt\private\oleauto\dwin32\tiprox.obj 
W:\nt\private\oleauto\dwin32\tistub.obj 
W:\nt\private\oleauto\dwin32\errinfo.obj 
W:\nt\private\oleauto\dwin32\tiutil.obj 
W:\nt\private\oleauto\dwin32\tlprox.obj 
W:\nt\private\oleauto\dwin32\tlstub.obj 
W:\nt\private\oleauto\dwin32\tcprox.obj 
W:\nt\private\oleauto\dwin32\tcstub.obj 
W:\nt\private\oleauto\dwin32\ups.obj 
W:\nt\private\oleauto\dwin32\uvft.obj 
W:\nt\private\oleauto\dwin32\dispstrm.obj 
W:\nt\private\oleauto\dwin32\disphelp.obj 
W:\nt\private\oleauto\dwin32\invhelp.obj 
W:\nt\private\oleauto\dwin32\invoke.obj 
W:\nt\private\oleauto\dwin32\cdispti.obj 
W:\nt\private\oleauto\dwin32\stddisp.obj 
W:\nt\private\oleauto\dwin32\time-api.obj 
W:\nt\private\oleauto\dwin32\bstr.obj 
W:\nt\private\oleauto\dwin32\sarray.obj 
W:\nt\private\oleauto\dwin32\oledate.obj 
W:\nt\private\oleauto\dwin32\crtstuff.obj 
W:\nt\private\oleauto\dwin32\bstrdate.obj 
W:\nt\private\oleauto\dwin32\asmhelp.obj 
W:\nt\private\oleauto\dwin32\oleconva.obj 
W:\nt\private\oleauto\dwin32\variant.obj 
W:\nt\private\oleauto\dwin32\convertt.obj 
W:\nt\private\oleauto\dwin32\nlshelp.obj 
W:\nt\private\oleauto\dwin32\getobj.obj 
W:\nt\private\oleauto\dwin32\tables.obj 
W:\nt\private\oleauto\dwin32\clsid.obj 
W:\nt\private\oleauto\dwin32\debug2.obj 
W:\nt\private\oleauto\dwin32\blkmgr.obj 
W:\nt\private\oleauto\dwin32\dassert.obj 
W:\nt\private\oleauto\dwin32\fstream.obj 
W:\nt\private\oleauto\dwin32\mem.obj 
W:\nt\private\oleauto\dwin32\sheapmgr.obj 
W:\nt\private\oleauto\dwin32\tlibutil.obj 
W:\nt\private\oleauto\dwin32\ntstring.obj 
W:\nt\private\oleauto\dwin32\tlibguid.obj 
W:\nt\private\oleauto\dwin32\obguid.obj 
W:\nt\private\oleauto\dwin32\mbstring.obj 
W:\nt\private\oleauto\dwin32\gdtinfo.obj 
W:\nt\private\oleauto\dwin32\gdtrt.obj 
W:\nt\private\oleauto\dwin32\stltinfo.obj 
W:\nt\private\oleauto\dwin32\nammgr.obj 
W:\nt\private\oleauto\dwin32\gtlibole.obj 
W:\nt\private\oleauto\dwin32\dfstream.obj 
W:\nt\private\oleauto\dwin32\oletmgr.obj 
W:\nt\private\oleauto\dwin32\impmgr.obj 
W:\nt\private\oleauto\dwin32\errmap.obj 
W:\nt\private\oleauto\dwin32\clutil.obj 
W:\nt\private\oleauto\dwin32\oautil.obj 
W:\nt\private\oleauto\dwin32\tdata1.obj 
W:\nt\private\oleauto\dwin32\tdata2.obj 
W:\nt\private\oleauto\dwin32\dtmbrs.obj 
W:\nt\private\oleauto\dwin32\entrymgr.obj 
W:\nt\private\oleauto\dwin32\dtbind.obj 
W:\nt\private\oleauto\dwin32\dfntbind.obj 
W:\nt\private\oleauto\dwin32\dbindtbl.obj 
W:\nt\private\oleauto\dwin32\gbindtbl.obj 
W:\nt\private\oleauto\dwin32\dstrmgr.obj 
W:\nt\private\oleauto\dwin32\gptbind.obj 
W:\nt\private\oleauto\dwin32\dfntcomp.obj 
W:\nt\private\oleauto\dwin32\convert.obj 
W:\nt\private\oleauto\dwin32\gtlibstg.obj W:\nt\private\oleauto\dwin32\tlibpch.obj 
W:\nt\private\oleauto\dwin32\oleaut32.exp 
W:\nt\private\oleauto\dwin32\_resfile.rbj 
oldnames.lib 
W:\nt\public\sdk\lib\i386\ole32.lib W:\nt\public\sdk\lib\i386\uuid.lib 
gdi32.lib user32.lib 
crtdll.lib 
kernel32.lib advapi32.lib mpr.lib 
LINK : warning LNK4078: multiple ".rdata" sections found with different attributes (C0000040)
	set LIB=
	mapsym.exe -n -o W:\nt\private\oleauto\dwin32\oleaut32.sym W:\nt\private\oleauto\dwin32\oleaut32.map
Microsoft (R) Symbol File Generator  Version 6.00
Copyright (C) Microsoft Corp 1984 - 1995.  All rights reserved.
Line number support disabled
Program entry point at 0001:5fe50
	echo >con Splitting apart W:\nt\private\oleauto\dwin32\chicago\oleaut32.dll for Chicago drop...
	copy W:\nt\private\oleauto\dwin32\oleaut32.dll W:\nt\private\oleauto\dwin32\chicago\oleaut32.dll
        1 file(s) copied.
	splitsym -a W:\nt\private\oleauto\dwin32\chicago\oleaut32.dll
	echo >con Creating mktyplib.exe...
	cvtres -r -i386 -o W:\nt\private\oleauto\dwin32\_resfile.obj W:\nt\private\oleauto\dwin32\MKTYPLIB.RES
Microsoft (R) Windows Resource To Object Converter Version 4.00
Copyright (C) Microsoft Corp 1992-1995. All rights reserved.

	echo >NUL @W:\nt\private\oleauto\dwin32\MKTYPLIB.CRF
	link -Incremental:NO -Pdb:NONE @W:\nt\private\oleauto\dwin32\MKTYPLIB.CRF
Microsoft (R) 32-Bit Incremental Linker Version 4.20.6164
Copyright (C) Microsoft Corp 1992-1996. All rights reserved.

-MACHINE:i386 -SUBSYSTEM:console -ENTRY:mainCRTStartup -MAP:W:\nt\private\oleauto\dwin32\mktyplib.map 
-OUT:W:\nt\private\oleauto\dwin32\mktyplib.exe 
-NODEFAULTLIB 
-DEBUG:full -DEBUGTYPE:CV,fixup,coff 
W:\nt\private\oleauto\dwin32\LEXER.OBJ 
W:\nt\private\oleauto\dwin32\INTLSTR.OBJ 
W:\nt\private\oleauto\dwin32\MKTYPLIB.OBJ 
W:\nt\private\oleauto\dwin32\PARSER.OBJ 
W:\nt\private\oleauto\dwin32\HOUT.OBJ 
W:\nt\private\oleauto\dwin32\TYPOUT.OBJ 
W:\nt\private\oleauto\dwin32\dimalloc.obj 
W:\nt\private\oleauto\dwin32\_resfile.obj 
W:\nt\public\sdk\lib\i386\oldnames.lib 
W:\nt\public\sdk\lib\i386\user32.lib W:\nt\public\sdk\lib\i386\kernel32.lib W:\nt\public\sdk\lib\i386\comdlg32.lib W:\nt\public\sdk\lib\i386\libc.lib 
W:\nt\private\oleauto\dwin32\oleaut32.lib W:\nt\public\sdk\lib\i386\ole32.lib W:\nt\public\sdk\lib\i386\uuid.lib 
LINK : warning LNK4078: multiple ".rdata" sections found with different attributes (C0000040)
	mapsym -a -e -o W:\nt\private\oleauto\dwin32\mktyplib.sym W:\nt\private\oleauto\dwin32\mktyplib.map
Microsoft (R) Symbol File Generator  Version 6.00
Copyright (C) Microsoft Corp 1984 - 1995.  All rights reserved.
Line number support enabled
Alphabetic sort arrays included in SYM file
Program entry point at 0001:ae50
	echo >con Running mktyplib to create W:\nt\private\oleauto\dwin32\stdole32.tmp...
	copy W:\nt\private\oleauto\src\mktyplib\stdole.odl W:\nt\private\oleauto\dwin32\stdole32.odl
        1 file(s) copied.
	cd W:\nt\private\oleauto\dwin32
	cl /EP stdole32.odl >stdole32.pre
Microsoft (R) 32-bit C/C++ Optimizing Compiler Version 10.20.6166 for 80x86
Copyright (C) Microsoft Corp 1984-1996. All rights reserved.

stdole32.odl
	mktyplib /h /o stdole32.log /tlb stdole32.tmp /nocpp stdole32.pre
	type stdole32.log
Microsoft (R) Type Library Generator  Version 2.02.3011 (Debug)
Copyright (c) Microsoft Corp. 1993-1995.  All rights reserved.

Successfully generated type library 'stdole32.tmp'.
	cd W:\nt\private\oleauto\build
	echo >con Creating W:\nt\private\oleauto\dwin32\stdole32.RES...
	set PATH=W:\tools\x86\mstools
	rc /IW:\nt\private\oleauto\src\inc -IW:\nt\public\sdk\inc /IW:\nt\public\sdk\inc -IW:\nt\public\sdk\inc\crt -IW:\nt\public\sdk\inc\crt\sys -DWIN32 -IW:\nt\private\oleauto\src\mktyplib -IW:\nt\private\oleauto\dwin32 -r -FoW:\nt\private\oleauto\dwin32\stdole32.RES W:\nt\private\oleauto\src\mktyplib\stdole32.rc
	set PATH=W:\tools\x86\mstools;W:\tools\x86\idw
	echo >con Creating W:\nt\private\oleauto\dwin32\stdole32.tlb...
	cvtres -r -i386 -o W:\nt\private\oleauto\dwin32\_resfile.obj W:\nt\private\oleauto\dwin32\stdole32.res
Microsoft (R) Windows Resource To Object Converter Version 4.00
Copyright (C) Microsoft Corp 1992-1995. All rights reserved.

	link -Incremental:NO -Pdb:NONE @W:\nt\private\oleauto\dwin32\stdole32.lrf
Microsoft (R) 32-Bit Incremental Linker Version 4.20.6164
Copyright (C) Microsoft Corp 1992-1996. All rights reserved.

-machine:i386 -dll 
-map:W:\nt\private\oleauto\dwin32\stdole32.MAP -nodefaultlib 
-debug:none 
-noentry 
-out:W:\nt\private\oleauto\dwin32\stdole32.tlb 
-heap:0,0 
-stack:0,0 
W:\nt\private\oleauto\dwin32\_resfile.obj 
	set PATH=W:\tools\x86\mstools;W:\tools\x86\idw
