BUILD: Computing Include file dependencies:
BUILD: Examining w:\nt\private\tapi directory tree for files to compile.
Building generated files in w:\nt\private\tapi\dev ********************
'nmake.exe /c BUILDMSG=Stop. -i -f makefil0. NOLINK=1 386=1'

Stop. 
Building generated files in w:\nt\private\tapi\dev\thunk ********************
'nmake.exe /c BUILDMSG=Stop. -i -f makefil0. NOLINK=1 386=1'
	binplace tapi.dll tapi.sym
Building generated files in w:\nt\private\tapi\dev\sp\esp.new ********************
'nmake.exe /c BUILDMSG=Stop. -i -f makefil0. NOLINK=1 386=1'

Stop. 
BUILD: Examining w:\nt\private\tapi directory tree for files to compile. (2nd Pass)
BUILD: w:\nt\private\tapi\dev\client\client.rc: cannot find include file <version.h>
BUILD: w:\nt\private\tapi\dev\client\copy.c: cannot find include file <version.h>
BUILD: w:\nt\private\tapi\dev\client\drv.c: cannot find include file <version.h>
BUILD: w:\nt\private\tapi\dev\server\server.rc: cannot find include file <version.h>
BUILD: w:\nt\private\tapi\dev\sp\atsp32\atsp.rc: cannot find include file <version.h>
BUILD: w:\nt\private\tapi\dev\sp\esp.new\tsp\esp.rc: cannot find include file <version.h>
BUILD: w:\nt\private\tapi\dev\sp\esp.new\exe\espexe.rc: cannot find include file <version.h>
BUILD: w:\nt\private\tapi\dev\sp\esp.new\ui\espui.rc: cannot find include file <version.h>
BUILD: w:\nt\private\tapi\dev\sp\kmddsp\kmddsp.rc: cannot find include file <version.h>
BUILD: w:\nt\private\tapi\dev\apps\tb\tb.rc: cannot find include file <ver.h>
BUILD: w:\nt\private\tapi\dev\apps\dialer\dialer.rc: cannot find include file <version.h>
BUILD: w:\nt\private\tapi\dev\apps\tapitna\tapitna.rc: cannot find include file <version.h>
BUILD: w:\nt\private\tapi\dev\apps\tapitna\tapitna.c: cannot find include file "pbt.h"
BUILD: w:\nt\private\tapi\dev\apps\tapitna\general.c: cannot find include file <help.h>
BUILD: w:\nt\private\tapi\dev\apps\tapiupr\tapiupr.rc: cannot find include file <version.h>
BUILD: w:\nt\private\tapi\dev\cpl.new\telephon.rc: cannot find include file <version.h>
Linking w:\nt\private\tapi\dev\client directory ********************
'nmake.exe /c BUILDMSG=Stop. -i LINKONLY=1 NOPASS0=1 NTTEST= UMTEST= MAKEDLL=1 386=1'
Linking w:\nt\private\tapi\dev\server directory ********************
'nmake.exe /c BUILDMSG=Stop. -i LINKONLY=1 NOPASS0=1 NTTEST= UMTEST= 386=1'
Linking w:\nt\private\tapi\dev\thunk directory ********************
'nmake.exe /c BUILDMSG=Stop. -i LINKONLY=1 NOPASS0=1 NTTEST= UMTEST= 386=1'
Linking w:\nt\private\tapi\dev\sp directory ********************
'nmake.exe /c BUILDMSG=Stop. -i LINKONLY=1 NOPASS0=1 NTTEST= UMTEST= 386=1'
Linking w:\nt\private\tapi\dev\sp\atsp32 directory ********************
'nmake.exe /c BUILDMSG=Stop. -i LINKONLY=1 NOPASS0=1 NTTEST= UMTEST= MAKEDLL=1 386=1'
	echo "Clean target null in this directory"
	echo "Clean target null in this directory"
"Clean target null in this directory"
"Clean target null in this directory"
Linking w:\nt\private\tapi\dev\sp\esp.new\tsp directory ********************
'nmake.exe /c BUILDMSG=Stop. -i LINKONLY=1 NOPASS0=1 NTTEST= UMTEST= MAKEDLL=1 386=1'
Linking w:\nt\private\tapi\dev\sp\esp.new\exe directory ********************
'nmake.exe /c BUILDMSG=Stop. -i LINKONLY=1 NOPASS0=1 NTTEST= UMTEST= 386=1'

Stop. 
Linking w:\nt\private\tapi\dev\sp\esp.new\ui directory ********************
'nmake.exe /c BUILDMSG=Stop. -i LINKONLY=1 NOPASS0=1 NTTEST= UMTEST= MAKEDLL=1 386=1'

Stop. 

Stop. 
Linking w:\nt\private\tapi\dev\sp\kmddsp directory ********************
'nmake.exe /c BUILDMSG=Stop. -i LINKONLY=1 NOPASS0=1 NTTEST= UMTEST= MAKEDLL=1 386=1'
Linking w:\nt\private\tapi\dev\apps\tb directory ********************
'nmake.exe /c BUILDMSG=Stop. -i LINKONLY=1 NOPASS0=1 NTTEST= UMTEST= 386=1'

Stop. 
Linking w:\nt\private\tapi\dev\apps\dialer directory ********************
'nmake.exe /c BUILDMSG=Stop. -i LINKONLY=1 NOPASS0=1 NTTEST= UMTEST= 386=1'

Stop. 
Linking w:\nt\private\tapi\dev\apps\tapitna directory ********************
'nmake.exe /c BUILDMSG=Stop. -i LINKONLY=1 NOPASS0=1 NTTEST= UMTEST= 386=1'

Stop. 
Linking w:\nt\private\tapi\dev\apps\tapiupr directory ********************
'nmake.exe /c BUILDMSG=Stop. -i LINKONLY=1 NOPASS0=1 NTTEST= UMTEST= 386=1'

Stop. 
Linking w:\nt\private\tapi\dev\cpl.new directory ********************
'nmake.exe /c BUILDMSG=Stop. -i LINKONLY=1 NOPASS0=1 NTTEST= UMTEST= MAKEDLL=1 386=1'

Stop. 
Linking w:\nt\private\tapi\dev\perfdll directory ********************
'nmake.exe /c BUILDMSG=Stop. -i LINKONLY=1 NOPASS0=1 NTTEST= UMTEST= MAKEDLL=1 386=1'

Stop. 

Stop. 

Stop. 

Stop. 

Stop. 
