BUILD: Computing Include file dependencies:
BUILD: Examining w:\nt\private\windbg\driver\crash directory for files to compile.
Building generated files in w:\nt\private\windbg\driver\crash ********************
'nmake.exe /c BUILDMSG=Stop. -i NTTEST= UMTEST= NOLINK=1 PASS0ONLY=1 386=1'

Stop. 
BUILD: Examining w:\nt\private\windbg\driver\crash directory for files to compile. (2nd Pass)
Linking w:\nt\private\windbg\driver\crash directory ********************
'nmake.exe /c BUILDMSG=Stop. -i LINKONLY=1 NOPASS0=1 NTTEST= UMTEST= 386=1'
	link -out:obj\i386\crash.exe -machine:i386 @W:\tmp\nma01776.
Microsoft (R) 32-Bit Incremental Linker Version 4.20.6164
Copyright (C) Microsoft Corp 1992-1996. All rights reserved.

-MERGE:_PAGE=PAGE 
-MERGE:_TEXT=.text 
-SECTION:INIT,d 
-OPT:REF 
-INCREMENTAL:NO 
-FORCE:MULTIPLE 
-RELEASE 
-FULLBUILD 
-IGNORE:4001,4037,4039,4065,4070,4078,4087,4089 
-NODEFAULTLIB 
-debug:notmapped,FULL 
-debugtype:both 
-version:4.00 
-osversion:4.00 
-MERGE:.rdata=.text 
-subsystem:windows,4.00 
-base:@W:\nt\public\sdk\lib\coffbase.txt,usermode 
-entry:mainCRTStartup 
-optidata 
obj\i386\crash.res 
obj\i386\crash.obj 
W:\nt\public\sdk\lib\i386\libc.lib 
W:\nt\public\sdk\lib\i386\advapi32.lib 
W:\nt\public\sdk\lib\i386\kernel32.lib 
W:\nt\public\sdk\lib\i386\gdi32.lib 
W:\nt\public\sdk\lib\i386\user32.lib 
W:\nt\public\sdk\lib\i386\winmm.lib 
	binplace -R W:\binaries\nt -S W:\binaries\nt\Symbols -P W:\nt\public\sdk\lib\placefil.txt -a obj\i386\crash.exe

Stop. 
