BUILD: Computing Include file dependencies:
BUILD: Examining w:\nt\private\lsa directory tree for files to compile.
Building generated files in w:\nt\private\lsa ********************
'nmake.exe /c BUILDMSG=Stop. -i -f makefil0. NOLINK=1 386=1'

Stop. 
BUILD: Examining w:\nt\private\lsa directory tree for files to compile. (2nd Pass)
Compiling w:\nt\private\lsa\client\kernel directory ********************
'nmake.exe /c BUILDMSG=Stop. -i NTTEST= UMTEST= NOLINK=1 NOPASS0=1 386=1'
Compiling w:\nt\private\lsa\client\user directory ********************
'nmake.exe /c BUILDMSG=Stop. -i NTTEST= UMTEST= NOLINK=1 NOPASS0=1 386=1'
Compiling w:\nt\private\lsa\server\dll directory ********************
'nmake.exe /c BUILDMSG=Stop. -i NTTEST= UMTEST= NOLINK=1 NOPASS0=1 386=1'
cl -nologo -Ii386\ -I. -I..\..\inc -IW:\nt\public\oak\inc -IW:\nt\public\sdk\inc -IW:\nt\public\sdk\inc\crt -D_X86_=1 -Di386=1  -DSTD_CALL -DCONDITION_HANDLING=1   -DNT_INST=0 -DWIN32=100 -D_NT1X_=100 -DWINNT=1 -D_WIN32_WINNT=0x0400    -DWIN32_LEAN_AND_MEAN=1 -DDBG=1 -DDEVL=1 -DFPO=0  -D_IDWBUILD -DRDRDBG -DSRVDBG  -DNDEBUG     /c /Zel /Zp8 /Gy  /W3 /Gz  /QIfdiv- /QIf  /Gi- /Gm- /GX- /GR- /GF  -Z7 /Od /Oi /Oy-   -FIW:\nt\public\sdk\inc\warning.h  ..\austub.c
cl -nologo -Ii386\ -I. -I..\..\inc -IW:\nt\public\oak\inc -IW:\nt\public\sdk\inc -IW:\nt\public\sdk\inc\crt -D_X86_=1 -Di386=1  -DSTD_CALL -DCONDITION_HANDLING=1   -DNT_INST=0 -DWIN32=100 -D_NT1X_=100 -DWINNT=1 -D_WIN32_WINNT=0x0400    -DWIN32_LEAN_AND_MEAN=1 -DDBG=1 -DDEVL=1 -DFPO=0  -D_IDWBUILD -DRDRDBG -DSRVDBG  -DNDEBUG -D_NTSYSTEM_=1    /c /Zel /Zp8 /Gy  /W3 /Gz  /QIfdiv- /QIf  /Gi- /Gm- /GX- /GR- /GF  -Z7 /Od /Oi /Oy-   -FIW:\nt\public\sdk\inc\warning.h  ..\austub.c
austub.c
austub.c
	lib -out:W:\nt\public\sdk\lib\i386\lsakrnlp.lib -debugtype:cv  -IGNORE:4001,4037,4039,4065,4070,4078,4087,4089 -nodefaultlib -machine:i386 @W:\tmp\nma03048.
	lib -out:W:\nt\public\sdk\lib\i386\lsadll.lib -debugtype:cv  -IGNORE:4001,4037,4039,4065,4070,4078,4087,4089 -nodefaultlib -machine:i386 @W:\tmp\nma03556.
Microsoft (R) 32-Bit Library Manager Version 4.20.6164
Copyright (C) Microsoft Corp 1992-1996. All rights reserved.

obj\i386\austub.obj 
Microsoft (R) 32-Bit Library Manager Version 4.20.6164
Copyright (C) Microsoft Corp 1992-1996. All rights reserved.

obj\i386\austub.obj 

Stop. 

Stop. 

Stop. 
Linking w:\nt\private\lsa\client\ssp directory ********************
'nmake.exe /c BUILDMSG=Stop. -i LINKONLY=1 NOPASS0=1 NTTEST= UMTEST= MAKEDLL=1 386=1'
Linking w:\nt\private\lsa\server\dll directory ********************
'nmake.exe /c BUILDMSG=Stop. -i LINKONLY=1 NOPASS0=1 NTTEST= UMTEST= MAKEDLL=1 386=1'
Linking w:\nt\private\lsa\server\exe directory ********************
'nmake.exe /c BUILDMSG=Stop. -i LINKONLY=1 NOPASS0=1 NTTEST= UMTEST= 386=1'
Linking w:\nt\private\lsa\msprivs directory ********************
'nmake.exe /c BUILDMSG=Stop. -i LINKONLY=1 NOPASS0=1 NTTEST= UMTEST= MAKEDLL=1 386=1'
Linking w:\nt\private\lsa\msv1_0 directory ********************
'nmake.exe /c BUILDMSG=Stop. -i LINKONLY=1 NOPASS0=1 NTTEST= UMTEST= MAKEDLL=1 386=1'
	link -out:obj\i386\lsass.exe -machine:i386 @W:\tmp\nma03172.

Stop. 
Linking w:\nt\private\lsa\crypt\dll directory ********************
'nmake.exe /c BUILDMSG=Stop. -i LINKONLY=1 NOPASS0=1 NTTEST= UMTEST= 386=1'
	link -out:W:\nt\public\sdk\lib\i386\ksecdd.sys -machine:i386 @W:\tmp\nma04044.
Microsoft (R) 32-Bit Incremental Linker Version 4.20.6164
Copyright (C) Microsoft Corp 1992-1996. All rights reserved.

-MERGE:_PAGE=PAGE 
-MERGE:_TEXT=.text 
-SECTION:INIT,d 
-OPT:REF 
-INCREMENTAL:NO 
-FORCE:MULTIPLE 
-RELEASE 
-FULLBUILD 
-IGNORE:4001,4037,4039,4065,4070,4078,4087,4089 
-NODEFAULTLIB 
-debug:notmapped,FULL 
-debugtype:both 
-version:4.00 
-osversion:4.00 
-MERGE:.rdata=.text 
-optidata 
-driver 
-align:0x20 
-subsystem:native,4.00 
-base:0x10000 
-entry:DriverEntry@8 
-out:W:\nt\public\sdk\lib\i386\ksecdd.sys 
W:\nt\public\sdk\lib\i386\ksecdd.exp 
obj\i386\res.res 
obj\i386\ksecdd.obj 
obj\i386\stubs.obj 
obj\i386\support.obj 
obj\i386\userstub.obj 
obj\i386\memmgr.obj 
obj\i386\connmgr.obj 
obj\i386\ntlm.obj 
obj\i386\context.obj 
W:\nt\public\sdk\lib\i386\int64.lib 
W:\nt\public\sdk\lib\i386\ntoskrnl.lib 
W:\nt\public\sdk\lib\i386\hal.lib 
Microsoft (R) 32-Bit Incremental Linker Version 4.20.6164
Copyright (C) Microsoft Corp 1992-1996. All rights reserved.

-WS:aggressive 
-MERGE:_PAGE=PAGE 
-MERGE:_TEXT=.text 
-SECTION:INIT,d 
-OPT:REF 
-INCREMENTAL:NO 
-FORCE:MULTIPLE 
-RELEASE 
-FULLBUILD 
-IGNORE:4001,4037,4039,4065,4070,4078,4087,4089 
-NODEFAULTLIB 
-debug:notmapped,FULL 
-debugtype:both 
-version:4.00 
-osversion:4.00 
-MERGE:.rdata=.text 
-subsystem:windows,4.00 
-base:@W:\nt\public\sdk\lib\coffbase.txt,usermode 
-entry:mainNoCRTStartup 
-optidata 
obj\i386\lsa_rev.res 
obj\i386\lsass.obj 
obj\i386\main.obj 
W:\nt\public\sdk\lib\i386\libc.lib 
W:\nt\public\sdk\lib\i386\advapi32.lib 
W:\nt\public\sdk\lib\i386\kernel32.lib 
W:\nt\public\sdk\lib\i386\gdi32.lib 
W:\nt\public\sdk\lib\i386\user32.lib 
W:\nt\public\sdk\lib\i386\ntdll.lib 
W:\nt\public\sdk\lib\i386\lsasrv.lib 
W:\nt\public\sdk\lib\i386\rpcrt4.lib 
W:\nt\public\sdk\lib\i386\samlib.lib 
W:\nt\public\sdk\lib\i386\samsrv.lib 
	binplace -R W:\binaries\nt -S W:\binaries\nt\Symbols -P W:\nt\public\sdk\lib\placefil.txt -a obj\i386\lsass.exe
	binplace -R W:\binaries\nt -S W:\binaries\nt\Symbols -P W:\nt\public\sdk\lib\placefil.txt -a W:\nt\public\sdk\lib\i386\ksecdd.sys
	link -out:W:\nt\public\sdk\lib\i386\msv1_0.dll -machine:i386 @W:\tmp\nma00184.
Microsoft (R) 32-Bit Incremental Linker Version 4.20.6164
Copyright (C) Microsoft Corp 1992-1996. All rights reserved.

-MERGE:_PAGE=PAGE 
-MERGE:_TEXT=.text 
-SECTION:INIT,d 
-OPT:REF 
-INCREMENTAL:NO 
-FORCE:MULTIPLE 
-RELEASE 
-FULLBUILD 
-IGNORE:4001,4037,4039,4065,4070,4078,4087,4089 
-NODEFAULTLIB 
-debug:notmapped,FULL 
-debugtype:both 
-version:4.00 
-osversion:4.00 
-MERGE:.rdata=.text 
-dll 
-order:@msv1_0.prf 
-optidata 
-base:@W:\nt\PUBLIC\SDK\LIB\coffbase.txt,msv1_0 
-subsystem:console,4.00 
-noentry 
W:\nt\public\sdk\lib\i386\msv1_0.exp 
obj\i386\msv1_0.res 
obj\i386\msv1_0.obj 
obj\i386\msvars.obj 
obj\i386\msvpaswd.obj 
obj\i386\msvsam.obj 
obj\i386\nlmain.obj 
obj\i386\nlnetapi.obj 
obj\i386\nlp.obj 
obj\i386\nlpcache.obj 
obj\i386\subauth.obj 
W:\nt\public\sdk\lib\i386\int64.lib 
W:\nt\public\sdk\lib\i386\ntdll.lib 
W:\nt\public\sdk\lib\i386\kernel32.lib 
W:\nt\public\sdk\lib\i386\rpcutil.lib 
W:\nt\public\sdk\lib\i386\samlib.lib 
W:\nt\public\sdk\lib\i386\advapi32.lib 
W:\nt\public\sdk\lib\i386\samsrv.lib 
W:\nt\public\sdk\lib\i386\lsasrv.lib 

Stop. 

Stop. 
	binplace -R W:\binaries\nt -S W:\binaries\nt\Symbols -P W:\nt\public\sdk\lib\placefil.txt -a W:\nt\public\sdk\lib\i386\msv1_0.dll
	link -out:obj\i386\lsasrv.dll -machine:i386 @W:\tmp\nma00704.

Stop. 

Stop. 
Microsoft (R) 32-Bit Incremental Linker Version 4.20.6164
Copyright (C) Microsoft Corp 1992-1996. All rights reserved.

-MERGE:_PAGE=PAGE 
-MERGE:_TEXT=.text 
-SECTION:INIT,d 
-OPT:REF 
-INCREMENTAL:NO 
-FORCE:MULTIPLE 
-RELEASE 
-FULLBUILD 
-IGNORE:4001,4037,4039,4065,4070,4078,4087,4089 
-NODEFAULTLIB 
-debug:notmapped,FULL 
-debugtype:both 
-version:4.00 
-osversion:4.00 
-MERGE:.rdata=.text 
-dll 
-order:@..\lsasrv.prf 
-optidata 
-base:@W:\nt\public\sdk\lib\coffbase.txt,lsasrv 
-subsystem:windows,4.00 
-noentry 
W:\nt\public\sdk\lib\i386\lsasrv.exp 
obj\i386\lsa_rev.res 
obj\i386\adtinit.obj 
obj\i386\adtbuild.obj 
obj\i386\adtevent.obj 
obj\i386\adtlog.obj 
obj\i386\adtobjs.obj 
obj\i386\aucred.obj 
obj\i386\auclient.obj 
obj\i386\aufilter.obj 
obj\i386\auinit.obj 
obj\i386\auctxt.obj 
obj\i386\aulogon.obj 
obj\i386\auloop.obj 
obj\i386\aumsp.obj 
obj\i386\aupckg.obj 
obj\i386\auproc.obj 
obj\i386\ausess.obj 
obj\i386\crserver.obj 
obj\i386\dbadmin.obj 
obj\i386\dbaccnt.obj 
obj\i386\dbattr.obj 
obj\i386\dbdata.obj 
obj\i386\dbdomain.obj 
obj\i386\dbhandle.obj 
obj\i386\dbinit.obj 
obj\i386\dbinstac.obj 
obj\i386\dbinstal.obj 
obj\i386\dblookup.obj 
obj\i386\dbmisc.obj 
obj\i386\dbobject.obj 
obj\i386\dbpob.obj 
obj\i386\dbpolicy.obj 
obj\i386\dbpriv.obj 
obj\i386\dbsamtst.obj 
obj\i386\dbsecret.obj 
obj\i386\lsaerror.obj 
obj\i386\lsaifree.obj 
obj\i386\lsainit.obj 
obj\i386\lsarm.obj 
obj\i386\lsasrvmm.obj 
obj\i386\lsawrap.obj 
obj\i386\oldstub.obj 
obj\i386\rpcinit.obj 
obj\i386\sepriv.obj 
obj\i386\services.obj 
obj\i386\lsarpc_s.obj 
W:\nt\public\sdk\lib\i386\crtdll.lib 
W:\nt\public\sdk\lib\i386\msvcirt.lib 
W:\nt\public\sdk\lib\i386\ntdll.lib 
..\..\common\obj\i386\lsacomm.lib 
W:\nt\public\sdk\lib\i386\rpcutil.lib 
W:\nt\public\sdk\lib\i386\rpcrt4.lib 
W:\nt\public\sdk\lib\i386\rpcndr.lib 
W:\nt\public\sdk\lib\i386\kernel32.lib 
W:\nt\public\sdk\lib\i386\advapi32.lib 
W:\nt\public\sdk\lib\i386\samsrv.lib 
W:\nt\public\sdk\lib\i386\nlrepl.lib 
	binplace -R W:\binaries\nt -S W:\binaries\nt\Symbols -P W:\nt\public\sdk\lib\placefil.txt -a obj\i386\lsasrv.dll

Stop. 
